{
  "RSpec": {
    "coverage": {
      "/home/cuzik/carlos/git/manager-internal-network-internet/spec/helpers/account/users_helper_spec.rb": [
        1,
        null,
        1,
        3,
        2,
        null,
        1,
        2,
        null,
        null,
        1,
        1,
        1,
        1,
        null,
        null,
        null,
        1,
        1,
        1,
        null,
        null,
        null,
        null
      ],
      "/home/cuzik/carlos/git/manager-internal-network-internet/spec/rails_helper.rb": [
        null,
        1,
        1,
        1,
        null,
        1,
        1,
        1,
        1,
        null,
        1,
        null,
        null,
        1,
        null,
        0,
        0,
        null,
        null,
        null,
        1,
        1,
        1,
        1,
        null,
        null,
        null,
        null,
        null,
        null,
        null,
        1,
        null,
        1,
        1,
        null,
        1,
        1,
        1,
        1,
        null,
        1,
        null,
        1,
        1,
        1,
        null,
        null,
        1,
        196,
        196,
        null,
        null,
        null,
        1,
        null,
        1,
        null,
        1,
        null
      ],
      "/home/cuzik/carlos/git/manager-internal-network-internet/config/environment.rb": [
        null,
        1,
        null,
        null,
        1
      ],
      "/home/cuzik/carlos/git/manager-internal-network-internet/config/application.rb": [
        1,
        null,
        1,
        null,
        1,
        1,
        1,
        1,
        1,
        1,
        1,
        1,
        1,
        null,
        null,
        null,
        null,
        1,
        null,
        1,
        1,
        null,
        1,
        1,
        null,
        1,
        1,
        1,
        1,
        null,
        null,
        null,
        null,
        null,
        null,
        null,
        1,
        null,
        null
      ],
      "/home/cuzik/carlos/git/manager-internal-network-internet/config/boot.rb": [
        1,
        null,
        1,
        1
      ],
      "/home/cuzik/carlos/git/manager-internal-network-internet/config/environments/test.rb": [
        1,
        null,
        null,
        null,
        null,
        null,
        null,
        1,
        null,
        null,
        null,
        null,
        1,
        null,
        null,
        1,
        1,
        null,
        null,
        null,
        null,
        1,
        1,
        null,
        null,
        1,
        null,
        null,
        1,
        null,
        null,
        1,
        null,
        1,
        null,
        null,
        null,
        null,
        1,
        null,
        null,
        1,
        null,
        null,
        null,
        null
      ],
      "/home/cuzik/carlos/git/manager-internal-network-internet/config/initializers/application_controller_renderer.rb": [
        null,
        null,
        null,
        null,
        null,
        null,
        null,
        null
      ],
      "/home/cuzik/carlos/git/manager-internal-network-internet/config/initializers/assets.rb": [
        null,
        null,
        null,
        1,
        null,
        null,
        null,
        null,
        1,
        null,
        null,
        null,
        null,
        null
      ],
      "/home/cuzik/carlos/git/manager-internal-network-internet/config/initializers/backtrace_silencers.rb": [
        null,
        null,
        null,
        null,
        null,
        null,
        null
      ],
      "/home/cuzik/carlos/git/manager-internal-network-internet/config/initializers/content_security_policy.rb": [
        null,
        null,
        null,
        null,
        null,
        null,
        null,
        null,
        null,
        null,
        null,
        null,
        null,
        null,
        null,
        null,
        null,
        null,
        null,
        null,
        null,
        null,
        null,
        null,
        null
      ],
      "/home/cuzik/carlos/git/manager-internal-network-internet/config/initializers/cookies_serializer.rb": [
        null,
        null,
        null,
        null,
        1
      ],
      "/home/cuzik/carlos/git/manager-internal-network-internet/config/initializers/devise.rb": [
        null,
        null,
        null,
        null,
        1,
        null,
        null,
        null,
        null,
        null,
        null,
        null,
        null,
        null,
        null,
        null,
        null,
        null,
        null,
        null,
        1,
        null,
        null,
        null,
        null,
        null,
        null,
        null,
        null,
        null,
        null,
        null,
        1,
        null,
        null,
        null,
        null,
        null,
        null,
        null,
        null,
        null,
        null,
        null,
        null,
        null,
        null,
        null,
        null,
        null,
        null,
        null,
        null,
        null,
        1,
        null,
        null,
        null,
        null,
        1,
        null,
        null,
        null,
        null,
        null,
        null,
        null,
        null,
        null,
        null,
        null,
        null,
        null,
        null,
        null,
        null,
        null,
        null,
        null,
        null,
        null,
        null,
        null,
        null,
        null,
        null,
        null,
        null,
        null,
        null,
        1,
        null,
        null,
        null,
        null,
        null,
        null,
        null,
        null,
        null,
        null,
        null,
        null,
        null,
        null,
        null,
        null,
        null,
        null,
        null,
        null,
        null,
        null,
        1,
        null,
        null,
        null,
        null,
        null,
        null,
        null,
        null,
        null,
        null,
        null,
        null,
        null,
        null,
        null,
        null,
        null,
        null,
        null,
        null,
        null,
        null,
        null,
        null,
        null,
        null,
        null,
        null,
        null,
        null,
        null,
        null,
        null,
        1,
        null,
        null,
        null,
        null,
        null,
        null,
        null,
        null,
        null,
        1,
        null,
        null,
        null,
        null,
        null,
        null,
        null,
        null,
        null,
        null,
        1,
        null,
        null,
        null,
        null,
        1,
        null,
        null,
        null,
        null,
        null,
        null,
        null,
        null,
        null,
        null,
        null,
        null,
        null,
        null,
        null,
        null,
        null,
        null,
        null,
        null,
        null,
        null,
        null,
        null,
        null,
        null,
        null,
        null,
        null,
        null,
        null,
        null,
        null,
        null,
        null,
        null,
        null,
        null,
        null,
        null,
        1,
        null,
        null,
        null,
        null,
        null,
        null,
        null,
        null,
        null,
        null,
        null,
        null,
        null,
        null,
        null,
        null,
        null,
        null,
        null,
        null,
        null,
        null,
        null,
        null,
        null,
        null,
        null,
        null,
        null,
        null,
        null,
        null,
        null,
        null,
        null,
        null,
        null,
        null,
        null,
        null,
        null,
        1,
        null,
        null,
        null,
        null,
        null,
        null,
        null,
        null,
        null,
        null,
        null,
        null,
        null,
        null,
        null,
        null,
        null,
        null,
        null,
        null,
        null,
        null,
        null,
        null,
        null,
        null,
        null,
        null,
        null,
        null,
        null,
        null,
        null,
        null,
        null,
        null,
        null,
        null,
        null,
        null,
        null,
        null
      ],
      "/home/cuzik/carlos/git/manager-internal-network-internet/config/initializers/filter_parameter_logging.rb": [
        null,
        null,
        null,
        1
      ],
      "/home/cuzik/carlos/git/manager-internal-network-internet/config/initializers/inflections.rb": [
        null,
        null,
        null,
        null,
        null,
        null,
        null,
        null,
        null,
        null,
        null,
        null,
        null,
        null,
        null,
        null
      ],
      "/home/cuzik/carlos/git/manager-internal-network-internet/config/initializers/mime_types.rb": [
        null,
        null,
        null,
        null
      ],
      "/home/cuzik/carlos/git/manager-internal-network-internet/config/initializers/wrap_parameters.rb": [
        null,
        null,
        null,
        null,
        null,
        null,
        1,
        2,
        null,
        null,
        null,
        null,
        null,
        null
      ],
      "/home/cuzik/carlos/git/manager-internal-network-internet/spec/factories/accounts.rb": [
        1,
        1,
        186,
        null,
        null
      ],
      "/home/cuzik/carlos/git/manager-internal-network-internet/spec/factories/computers.rb": [
        1,
        1,
        37,
        37,
        37,
        null,
        1,
        null,
        null
      ],
      "/home/cuzik/carlos/git/manager-internal-network-internet/spec/factories/ports.rb": [
        1,
        1,
        33,
        null,
        1,
        null,
        null
      ],
      "/home/cuzik/carlos/git/manager-internal-network-internet/spec/factories/rooms.rb": [
        1,
        1,
        26,
        null,
        1,
        null,
        null
      ],
      "/home/cuzik/carlos/git/manager-internal-network-internet/spec/factories/switches.rb": [
        1,
        1,
        60,
        60,
        null,
        1,
        null,
        null
      ],
      "/home/cuzik/carlos/git/manager-internal-network-internet/spec/factories/users.rb": [
        1,
        1,
        139,
        139,
        139,
        139,
        null,
        1,
        null,
        null
      ],
      "/home/cuzik/carlos/git/manager-internal-network-internet/config/routes.rb": [
        1,
        1,
        1,
        1,
        1,
        1,
        1,
        1,
        null,
        1,
        null,
        null,
        null,
        null,
        1,
        null
      ],
      "/home/cuzik/carlos/git/manager-internal-network-internet/app/models/user.rb": [
        1,
        null,
        null,
        1,
        null,
        null,
        null,
        1,
        null,
        1,
        1,
        null
      ],
      "/home/cuzik/carlos/git/manager-internal-network-internet/app/models/application_record.rb": [
        1,
        1,
        null
      ],
      "/home/cuzik/carlos/git/manager-internal-network-internet/app/helpers/account/users_helper.rb": [
        1,
        1,
        3,
        null,
        1,
        null,
        null
      ],
      "/home/cuzik/carlos/git/manager-internal-network-internet/app/models/account.rb": [
        1,
        1,
        1,
        1,
        1,
        1,
        null,
        1,
        null
      ],
      "/home/cuzik/carlos/git/manager-internal-network-internet/app/helpers/computers_helper.rb": [
        1,
        1,
        4,
        1,
        null,
        3,
        1,
        null,
        2,
        null,
        null,
        null,
        null
      ],
      "/home/cuzik/carlos/git/manager-internal-network-internet/app/helpers/ports_helper.rb": [
        1,
        1,
        3,
        1,
        null,
        2,
        null,
        null,
        null,
        1,
        0,
        0,
        null,
        0,
        null,
        null,
        null
      ],
      "/home/cuzik/carlos/git/manager-internal-network-internet/spec/helpers/computers_helper_spec.rb": [
        1,
        null,
        1,
        5,
        4,
        4,
        null,
        1,
        1,
        1,
        null,
        null,
        null,
        1,
        1,
        1,
        null,
        1,
        null,
        null,
        null,
        1,
        1,
        1,
        null,
        null,
        null,
        1,
        1,
        1,
        null,
        1,
        null,
        null,
        null
      ],
      "/home/cuzik/carlos/git/manager-internal-network-internet/spec/helpers/ports_helper_spec.rb": [
        1,
        null,
        1,
        4,
        null,
        1,
        1,
        1,
        null,
        1,
        null,
        null,
        null,
        1,
        1,
        1,
        1,
        null,
        null,
        null,
        1,
        1,
        1,
        null,
        1,
        null,
        null,
        null,
        null
      ],
      "/home/cuzik/carlos/git/manager-internal-network-internet/spec/models/account_spec.rb": [
        1,
        null,
        1,
        1,
        2,
        2,
        2,
        2,
        2,
        null,
        null,
        1,
        2,
        null,
        2,
        null,
        null
      ],
      "/home/cuzik/carlos/git/manager-internal-network-internet/spec/models/computer_spec.rb": [
        1,
        null,
        1,
        1,
        2,
        2,
        2,
        null,
        2,
        null,
        null,
        null,
        12,
        null,
        1,
        2,
        2,
        2,
        null,
        2,
        2,
        2,
        2,
        null,
        null
      ],
      "/home/cuzik/carlos/git/manager-internal-network-internet/app/models/computer.rb": [
        1,
        1,
        1,
        1,
        null,
        1,
        null,
        1,
        1,
        1,
        1,
        1,
        null,
        null,
        null
      ],
      "/home/cuzik/carlos/git/manager-internal-network-internet/spec/models/port_spec.rb": [
        1,
        null,
        1,
        1,
        2,
        null,
        2,
        2,
        null,
        null,
        null,
        6,
        null,
        1,
        2,
        null,
        1,
        1,
        null,
        null,
        null,
        null,
        null
      ],
      "/home/cuzik/carlos/git/manager-internal-network-internet/app/models/port.rb": [
        1,
        1,
        null,
        1,
        1,
        null,
        1,
        null,
        null,
        null,
        null
      ],
      "/home/cuzik/carlos/git/manager-internal-network-internet/spec/models/room_spec.rb": [
        1,
        null,
        1,
        1,
        2,
        null,
        2,
        null,
        null,
        null,
        5,
        null,
        1,
        2,
        null,
        2,
        null,
        null
      ],
      "/home/cuzik/carlos/git/manager-internal-network-internet/app/models/room.rb": [
        1,
        1,
        null,
        1,
        null,
        1,
        null
      ],
      "/home/cuzik/carlos/git/manager-internal-network-internet/spec/models/switch_spec.rb": [
        1,
        null,
        1,
        1,
        2,
        null,
        2,
        null,
        null,
        null,
        7,
        null,
        1,
        2,
        2,
        null,
        2,
        2,
        null,
        null
      ],
      "/home/cuzik/carlos/git/manager-internal-network-internet/app/models/switch.rb": [
        1,
        1,
        null,
        1,
        null,
        1,
        1,
        1,
        null,
        null,
        null
      ],
      "/home/cuzik/carlos/git/manager-internal-network-internet/spec/models/user_spec.rb": [
        1,
        null,
        1,
        1,
        2,
        null,
        null,
        5,
        null,
        1,
        2,
        2,
        null,
        2,
        null,
        null
      ],
      "/home/cuzik/carlos/git/manager-internal-network-internet/spec/policies/computer_policy_spec.rb": [
        1,
        null,
        1,
        22,
        null,
        22,
        null,
        1,
        8,
        null,
        2,
        2,
        2,
        2,
        2,
        2,
        2,
        null,
        null,
        1,
        1,
        8,
        null,
        2,
        2,
        2,
        2,
        2,
        2,
        2,
        null,
        null,
        1,
        1,
        7,
        null,
        null,
        2,
        2,
        2,
        2,
        2,
        2,
        2,
        null,
        null,
        null
      ],
      "/home/cuzik/carlos/git/manager-internal-network-internet/app/policies/computer_policy.rb": [
        1,
        null
      ],
      "/home/cuzik/carlos/git/manager-internal-network-internet/app/policies/application_policy.rb": [
        1,
        1,
        null,
        1,
        110,
        110,
        null,
        null,
        1,
        50,
        null,
        null,
        1,
        15,
        null,
        null,
        1,
        30,
        null,
        null,
        1,
        15,
        null,
        null,
        1,
        30,
        null,
        null,
        1,
        15,
        null,
        null,
        1,
        15,
        null,
        null,
        1,
        0,
        null,
        null,
        1,
        1,
        null,
        1,
        0,
        0,
        null,
        null,
        1,
        0,
        null,
        null,
        null,
        1,
        null,
        1,
        60,
        null,
        null
      ],
      "/home/cuzik/carlos/git/manager-internal-network-internet/spec/policies/port_policy_spec.rb": [
        1,
        null,
        1,
        22,
        null,
        22,
        null,
        1,
        8,
        null,
        2,
        2,
        2,
        2,
        2,
        2,
        2,
        null,
        null,
        1,
        1,
        8,
        null,
        2,
        2,
        2,
        2,
        2,
        2,
        2,
        null,
        null,
        1,
        1,
        7,
        null,
        null,
        2,
        2,
        2,
        2,
        2,
        2,
        2,
        null,
        null,
        null
      ],
      "/home/cuzik/carlos/git/manager-internal-network-internet/app/policies/port_policy.rb": [
        1,
        null
      ],
      "/home/cuzik/carlos/git/manager-internal-network-internet/spec/policies/room_policy_spec.rb": [
        1,
        null,
        1,
        22,
        null,
        22,
        null,
        1,
        8,
        null,
        2,
        2,
        2,
        2,
        2,
        2,
        2,
        null,
        null,
        1,
        1,
        8,
        null,
        2,
        2,
        2,
        2,
        2,
        2,
        2,
        null,
        null,
        1,
        1,
        7,
        null,
        null,
        2,
        2,
        2,
        2,
        2,
        2,
        2,
        null,
        null,
        null
      ],
      "/home/cuzik/carlos/git/manager-internal-network-internet/app/policies/room_policy.rb": [
        1,
        null
      ],
      "/home/cuzik/carlos/git/manager-internal-network-internet/spec/policies/switch_policy_spec.rb": [
        1,
        null,
        1,
        22,
        null,
        22,
        null,
        1,
        8,
        null,
        2,
        2,
        2,
        2,
        2,
        2,
        2,
        null,
        null,
        1,
        1,
        8,
        null,
        2,
        2,
        2,
        2,
        2,
        2,
        2,
        null,
        null,
        1,
        1,
        7,
        null,
        null,
        2,
        2,
        2,
        2,
        2,
        2,
        2,
        null,
        null,
        null
      ],
      "/home/cuzik/carlos/git/manager-internal-network-internet/app/policies/switch_policy.rb": [
        1,
        null
      ],
      "/home/cuzik/carlos/git/manager-internal-network-internet/spec/policies/user_policy_spec.rb": [
        1,
        null,
        1,
        22,
        null,
        22,
        null,
        1,
        8,
        null,
        2,
        2,
        2,
        2,
        2,
        2,
        2,
        null,
        null,
        1,
        1,
        8,
        null,
        2,
        2,
        2,
        2,
        2,
        2,
        2,
        null,
        null,
        1,
        1,
        7,
        null,
        null,
        2,
        2,
        2,
        2,
        2,
        2,
        2,
        null,
        null,
        null
      ],
      "/home/cuzik/carlos/git/manager-internal-network-internet/app/policies/user_policy.rb": [
        1,
        null
      ],
      "/home/cuzik/carlos/git/manager-internal-network-internet/spec/requests/account/users_spec.rb": [
        1,
        null,
        1,
        2,
        null,
        1,
        1,
        null,
        null,
        1,
        1,
        1,
        1,
        null,
        null,
        null
      ],
      "/home/cuzik/carlos/git/manager-internal-network-internet/spec/requests/computers_spec.rb": [
        1,
        null,
        1,
        2,
        null,
        1,
        1,
        null,
        null,
        1,
        1,
        1,
        1,
        null,
        null,
        null
      ],
      "/home/cuzik/carlos/git/manager-internal-network-internet/spec/requests/ports_spec.rb": [
        1,
        null,
        1,
        2,
        null,
        1,
        1,
        null,
        null,
        1,
        1,
        1,
        1,
        null,
        null,
        null
      ],
      "/home/cuzik/carlos/git/manager-internal-network-internet/spec/requests/rooms_spec.rb": [
        1,
        null,
        1,
        2,
        null,
        1,
        1,
        null,
        null,
        1,
        1,
        1,
        1,
        null,
        null,
        null
      ],
      "/home/cuzik/carlos/git/manager-internal-network-internet/spec/requests/switches_spec.rb": [
        1,
        null,
        1,
        2,
        null,
        1,
        1,
        null,
        null,
        1,
        1,
        1,
        1,
        null,
        null,
        null
      ],
      "/home/cuzik/carlos/git/manager-internal-network-internet/spec/routing/account/users_routing_spec.rb": [
        1,
        null,
        1,
        1,
        1,
        1,
        null,
        null,
        1,
        1,
        null,
        null,
        1,
        1,
        null,
        null,
        1,
        1,
        null,
        null,
        null,
        1,
        1,
        null,
        null,
        1,
        1,
        null,
        null,
        1,
        1,
        null,
        null,
        1,
        1,
        null,
        null,
        null
      ],
      "/home/cuzik/carlos/git/manager-internal-network-internet/app/controllers/account/users_controller.rb": [
        1,
        1,
        null,
        1,
        1,
        null,
        1,
        null,
        null,
        1,
        0,
        null,
        null,
        1,
        0,
        null,
        0,
        null,
        null,
        1,
        0,
        null,
        null,
        1,
        0,
        null,
        0,
        null,
        0,
        0,
        null,
        0,
        null,
        0,
        null,
        0,
        null,
        null,
        null,
        1,
        0,
        null,
        0,
        0,
        null,
        0,
        null,
        0,
        null,
        0,
        null,
        null,
        null,
        1,
        0,
        null,
        0,
        0,
        null,
        0,
        null,
        0,
        null,
        0,
        null,
        null,
        null,
        1,
        1,
        0,
        null,
        null,
        1,
        0,
        null,
        null,
        null,
        null,
        null,
        null,
        null
      ],
      "/home/cuzik/carlos/git/manager-internal-network-internet/app/controllers/application_controller.rb": [
        1,
        1,
        null,
        1,
        null,
        1,
        1,
        null,
        1,
        null,
        6,
        null,
        1,
        5,
        null,
        null,
        1,
        null,
        1,
        0,
        0,
        null,
        null,
        1,
        0,
        null,
        null
      ],
      "/home/cuzik/carlos/git/manager-internal-network-internet/spec/routing/computers_routing_spec.rb": [
        1,
        null,
        1,
        1,
        1,
        1,
        null,
        null,
        1,
        1,
        null,
        null,
        1,
        1,
        null,
        null,
        1,
        1,
        null,
        null,
        null,
        1,
        1,
        null,
        null,
        1,
        1,
        null,
        null,
        1,
        1,
        null,
        null,
        1,
        1,
        null,
        null,
        null
      ],
      "/home/cuzik/carlos/git/manager-internal-network-internet/app/controllers/computers_controller.rb": [
        1,
        1,
        null,
        1,
        1,
        null,
        1,
        null,
        null,
        1,
        0,
        null,
        null,
        1,
        0,
        null,
        0,
        null,
        null,
        1,
        0,
        null,
        null,
        1,
        0,
        null,
        0,
        null,
        0,
        0,
        null,
        0,
        0,
        null,
        0,
        null,
        null,
        0,
        null,
        0,
        null,
        null,
        null,
        1,
        0,
        null,
        0,
        0,
        null,
        0,
        null,
        0,
        null,
        0,
        null,
        null,
        null,
        1,
        0,
        null,
        0,
        0,
        0,
        null,
        0,
        0,
        null,
        0,
        null,
        0,
        null,
        null,
        null,
        1,
        1,
        0,
        null,
        null,
        1,
        0,
        null,
        null,
        null,
        null,
        null,
        null,
        null,
        null,
        null
      ],
      "/home/cuzik/carlos/git/manager-internal-network-internet/spec/routing/ports_routing_spec.rb": [
        1,
        null,
        1,
        1,
        1,
        1,
        null,
        null,
        1,
        1,
        null,
        null,
        1,
        1,
        null,
        null,
        1,
        1,
        null,
        null,
        null,
        1,
        1,
        null,
        null,
        1,
        1,
        null,
        null,
        1,
        1,
        null,
        null,
        1,
        1,
        null,
        null,
        null
      ],
      "/home/cuzik/carlos/git/manager-internal-network-internet/app/controllers/ports_controller.rb": [
        1,
        1,
        null,
        1,
        1,
        null,
        1,
        null,
        null,
        1,
        0,
        null,
        null,
        1,
        0,
        null,
        0,
        null,
        null,
        1,
        null,
        null,
        1,
        0,
        null,
        0,
        null,
        0,
        0,
        null,
        0,
        null,
        0,
        null,
        0,
        null,
        null,
        null,
        1,
        0,
        null,
        0,
        0,
        null,
        0,
        null,
        0,
        null,
        0,
        null,
        null,
        null,
        1,
        0,
        null,
        0,
        0,
        0,
        null,
        0,
        null,
        0,
        null,
        0,
        null,
        null,
        null,
        1,
        1,
        0,
        null,
        null,
        1,
        0,
        null,
        null
      ],
      "/home/cuzik/carlos/git/manager-internal-network-internet/spec/routing/rooms_routing_spec.rb": [
        1,
        null,
        1,
        1,
        1,
        1,
        null,
        null,
        1,
        1,
        null,
        null,
        1,
        1,
        null,
        null,
        1,
        1,
        null,
        null,
        null,
        1,
        1,
        null,
        null,
        1,
        1,
        null,
        null,
        1,
        1,
        null,
        null,
        1,
        1,
        null,
        null,
        null
      ],
      "/home/cuzik/carlos/git/manager-internal-network-internet/app/controllers/rooms_controller.rb": [
        1,
        1,
        null,
        1,
        1,
        null,
        1,
        null,
        null,
        1,
        0,
        null,
        0,
        null,
        null,
        1,
        0,
        null,
        0,
        null,
        null,
        1,
        0,
        null,
        null,
        1,
        0,
        null,
        0,
        null,
        0,
        0,
        null,
        0,
        null,
        0,
        null,
        0,
        null,
        null,
        null,
        1,
        0,
        null,
        0,
        0,
        null,
        0,
        null,
        0,
        null,
        0,
        null,
        null,
        null,
        1,
        0,
        null,
        0,
        0,
        null,
        0,
        null,
        0,
        null,
        0,
        null,
        null,
        null,
        1,
        1,
        0,
        null,
        null,
        1,
        0,
        null,
        null
      ],
      "/home/cuzik/carlos/git/manager-internal-network-internet/spec/routing/switches_routing_spec.rb": [
        1,
        null,
        1,
        1,
        1,
        1,
        null,
        null,
        1,
        1,
        null,
        null,
        1,
        1,
        null,
        null,
        1,
        1,
        null,
        null,
        null,
        1,
        1,
        null,
        null,
        1,
        1,
        null,
        null,
        1,
        1,
        null,
        null,
        1,
        1,
        null,
        null,
        null
      ],
      "/home/cuzik/carlos/git/manager-internal-network-internet/app/controllers/switches_controller.rb": [
        1,
        1,
        null,
        1,
        1,
        null,
        1,
        null,
        null,
        1,
        0,
        null,
        0,
        null,
        null,
        1,
        0,
        null,
        0,
        null,
        null,
        1,
        0,
        null,
        null,
        1,
        0,
        null,
        0,
        null,
        0,
        0,
        null,
        0,
        null,
        0,
        null,
        0,
        null,
        null,
        null,
        1,
        0,
        null,
        0,
        0,
        null,
        0,
        null,
        0,
        null,
        0,
        null,
        null,
        null,
        1,
        0,
        null,
        0,
        0,
        null,
        0,
        null,
        0,
        null,
        0,
        null,
        null,
        null,
        null,
        1,
        1,
        0,
        null,
        null,
        1,
        0,
        null,
        null
      ]
    },
    "timestamp": 1556488992
  }
}
